mode: set
atelier-go/internal/ui/components.go:22.38,24.36 2 0
atelier-go/internal/ui/components.go:24.36,26.3 1 0
atelier-go/internal/ui/components.go:27.2,27.52 1 0
atelier-go/internal/ui/components.go:31.44,31.70 1 0
atelier-go/internal/ui/components.go:34.44,34.70 1 0
atelier-go/internal/ui/components.go:37.40,39.2 1 1
atelier-go/internal/ui/components.go:42.41,44.2 1 0
atelier-go/internal/ui/components.go:53.36,54.17 1 0
atelier-go/internal/ui/components.go:54.17,56.3 1 0
atelier-go/internal/ui/components.go:57.2,57.22 1 0
atelier-go/internal/ui/components.go:61.42,61.55 1 0
atelier-go/internal/ui/components.go:64.42,64.66 1 0
atelier-go/internal/ui/components.go:74.58,80.2 1 1
atelier-go/internal/ui/components.go:83.40,83.52 1 1
atelier-go/internal/ui/components.go:86.41,86.53 1 1
atelier-go/internal/ui/components.go:89.70,89.84 1 0
atelier-go/internal/ui/components.go:92.92,94.9 2 0
atelier-go/internal/ui/components.go:94.9,96.3 1 0
atelier-go/internal/ui/components.go:98.2,99.22 2 0
atelier-go/internal/ui/components.go:99.22,101.3 1 0
atelier-go/internal/ui/components.go:103.2,104.24 2 0
atelier-go/internal/ui/components.go:104.24,106.17 2 0
atelier-go/internal/ui/components.go:106.17,108.4 1 0
atelier-go/internal/ui/components.go:109.3,109.74 1 0
atelier-go/internal/ui/components.go:110.8,114.23 3 0
atelier-go/internal/ui/components.go:114.23,117.4 2 0
atelier-go/internal/ui/components.go:118.3,118.81 1 0
atelier-go/internal/ui/components.go:122.2,124.16 3 0
atelier-go/internal/ui/components.go:124.16,128.3 3 0
atelier-go/internal/ui/components.go:130.2,130.32 1 0
atelier-go/internal/ui/components.go:133.39,134.28 1 0
atelier-go/internal/ui/components.go:134.28,136.3 1 0
atelier-go/internal/ui/components.go:137.2,138.22 2 0
atelier-go/internal/ui/components.go:138.22,139.46 1 0
atelier-go/internal/ui/components.go:139.46,140.9 1 0
atelier-go/internal/ui/components.go:142.3,142.19 1 0
atelier-go/internal/ui/components.go:144.2,144.20 1 0
atelier-go/internal/ui/components.go:155.54,161.2 1 1
atelier-go/internal/ui/components.go:164.38,164.50 1 1
atelier-go/internal/ui/components.go:167.39,167.51 1 1
atelier-go/internal/ui/components.go:170.68,170.82 1 0
atelier-go/internal/ui/components.go:173.90,175.9 2 0
atelier-go/internal/ui/components.go:175.9,177.3 1 0
atelier-go/internal/ui/components.go:179.2,180.24 2 0
atelier-go/internal/ui/components.go:180.24,182.17 2 0
atelier-go/internal/ui/components.go:182.17,184.4 1 0
atelier-go/internal/ui/components.go:185.8,187.3 1 0
atelier-go/internal/ui/components.go:189.2,189.50 1 0
atelier-go/internal/ui/filter.go:12.40,16.31 3 0
atelier-go/internal/ui/filter.go:16.31,17.30 1 0
atelier-go/internal/ui/filter.go:17.30,21.4 3 0
atelier-go/internal/ui/filter.go:22.8,23.31 1 0
atelier-go/internal/ui/filter.go:23.31,27.4 3 0
atelier-go/internal/ui/filter.go:29.2,29.13 1 0
atelier-go/internal/ui/filter.go:35.46,35.66 1 1
atelier-go/internal/ui/filter.go:36.46,36.63 1 1
atelier-go/internal/ui/filter.go:38.47,42.15 3 1
atelier-go/internal/ui/filter.go:42.15,43.38 1 1
atelier-go/internal/ui/filter.go:43.38,45.4 1 1
atelier-go/internal/ui/filter.go:46.8,48.33 2 1
atelier-go/internal/ui/filter.go:48.33,50.4 1 1
atelier-go/internal/ui/filter.go:54.2,54.46 1 1
atelier-go/internal/ui/filter.go:54.46,57.40 3 1
atelier-go/internal/ui/filter.go:57.40,59.4 1 1
atelier-go/internal/ui/filter.go:60.3,60.40 1 1
atelier-go/internal/ui/filter.go:60.40,62.4 1 0
atelier-go/internal/ui/filter.go:63.3,63.15 1 1
atelier-go/internal/ui/filter.go:66.2,67.36 2 1
atelier-go/internal/ui/keys.go:7.42,9.29 2 0
atelier-go/internal/ui/keys.go:9.29,17.3 7 0
atelier-go/internal/ui/keys.go:19.2,19.33 1 0
atelier-go/internal/ui/keys.go:19.33,23.3 3 0
atelier-go/internal/ui/keys.go:26.2,30.13 5 0
atelier-go/internal/ui/keys.go:33.42,35.31 2 0
atelier-go/internal/ui/keys.go:35.31,37.10 2 0
atelier-go/internal/ui/keys.go:37.10,39.4 1 0
atelier-go/internal/ui/keys.go:41.3,41.23 1 0
atelier-go/internal/ui/keys.go:41.23,49.4 6 0
atelier-go/internal/ui/keys.go:52.3,55.13 4 0
atelier-go/internal/ui/keys.go:59.2,61.9 3 0
atelier-go/internal/ui/keys.go:61.9,63.3 1 0
atelier-go/internal/ui/keys.go:65.2,69.12 5 0
atelier-go/internal/ui/keys.go:72.36,74.9 2 0
atelier-go/internal/ui/keys.go:74.9,76.3 1 0
atelier-go/internal/ui/keys.go:78.2,80.19 3 0
atelier-go/internal/ui/keys.go:83.42,84.31 1 0
atelier-go/internal/ui/keys.go:84.31,87.3 2 0
atelier-go/internal/ui/keys.go:88.2,89.12 2 0
atelier-go/internal/ui/keys.go:92.44,93.31 1 0
atelier-go/internal/ui/keys.go:93.31,96.3 2 0
atelier-go/internal/ui/keys.go:97.2,98.12 2 0
atelier-go/internal/ui/model.go:55.49,58.27 2 1
atelier-go/internal/ui/model.go:58.27,60.3 1 1
atelier-go/internal/ui/model.go:63.2,106.3 25 1
atelier-go/internal/ui/model.go:110.32,112.2 1 0
atelier-go/internal/ui/model.go:115.58,119.40 2 0
atelier-go/internal/ui/model.go:119.40,120.26 1 0
atelier-go/internal/ui/model.go:121.17,124.22 3 0
atelier-go/internal/ui/model.go:126.14,128.18 2 0
atelier-go/internal/ui/model.go:128.18,130.5 1 0
atelier-go/internal/ui/model.go:132.23,134.18 2 0
atelier-go/internal/ui/model.go:134.18,136.5 1 0
atelier-go/internal/ui/model.go:138.30,140.18 2 0
atelier-go/internal/ui/model.go:140.18,142.5 1 0
atelier-go/internal/ui/model.go:144.23,145.43 1 0
atelier-go/internal/ui/model.go:147.25,148.45 1 0
atelier-go/internal/ui/model.go:153.2,153.27 1 0
atelier-go/internal/ui/model.go:154.25,157.23 3 0
atelier-go/internal/ui/model.go:161.2,161.17 1 0
atelier-go/internal/ui/model.go:161.17,170.43 5 0
atelier-go/internal/ui/model.go:170.43,175.4 4 0
atelier-go/internal/ui/model.go:178.2,178.30 1 0
atelier-go/internal/ui/model.go:182.35,190.25 6 0
atelier-go/internal/ui/model.go:190.25,192.3 1 0
atelier-go/internal/ui/model.go:192.8,194.3 1 0
atelier-go/internal/ui/model.go:197.41,200.62 2 0
atelier-go/internal/ui/model.go:200.62,201.44 1 0
atelier-go/internal/ui/model.go:201.44,206.4 1 0
atelier-go/internal/ui/model.go:209.2,209.21 1 0
atelier-go/internal/ui/model.go:209.21,211.3 1 0
atelier-go/internal/ui/model.go:213.2,213.34 1 0
atelier-go/internal/ui/styles.go:20.37,21.25 1 0
atelier-go/internal/ui/styles.go:21.25,23.3 1 0
atelier-go/internal/ui/styles.go:24.2,24.24 1 0
atelier-go/internal/ui/styles.go:24.24,26.3 1 0
atelier-go/internal/ui/styles.go:27.2,27.27 1 0
atelier-go/internal/ui/styles.go:27.27,29.3 1 0
atelier-go/internal/ui/styles.go:30.2,30.22 1 0
atelier-go/internal/ui/styles.go:30.22,32.3 1 0
atelier-go/internal/ui/styles.go:33.2,33.25 1 0
atelier-go/internal/ui/styles.go:33.25,35.3 1 0
atelier-go/internal/ui/styles.go:45.13,46.38 1 1
atelier-go/internal/ui/styles.go:46.38,50.3 3 0
atelier-go/internal/ui/styles.go:77.54,96.2 5 1
atelier-go/internal/ui/styles.go:99.37,144.2 1 1
atelier-go/internal/ui/ui.go:19.98,24.20 2 0
atelier-go/internal/ui/ui.go:24.20,25.51 1 0
atelier-go/internal/ui/ui.go:25.51,27.4 1 0
atelier-go/internal/ui/ui.go:31.2,32.16 2 0
atelier-go/internal/ui/ui.go:32.16,34.3 1 0
atelier-go/internal/ui/ui.go:36.2,36.20 1 0
atelier-go/internal/ui/ui.go:36.20,39.3 2 0
atelier-go/internal/ui/ui.go:42.2,43.16 2 0
atelier-go/internal/ui/ui.go:43.16,45.3 1 0
atelier-go/internal/ui/ui.go:46.2,46.19 1 0
atelier-go/internal/ui/ui.go:46.19,49.3 1 0
atelier-go/internal/ui/ui.go:52.2,54.19 3 0
atelier-go/internal/ui/ui.go:54.19,56.3 1 0
atelier-go/internal/ui/ui.go:59.2,59.20 1 0
atelier-go/internal/ui/ui.go:59.20,60.67 1 0
atelier-go/internal/ui/ui.go:60.67,62.4 1 0
atelier-go/internal/ui/ui.go:65.2,66.91 2 0
atelier-go/internal/ui/ui.go:66.91,68.3 1 0
atelier-go/internal/ui/ui.go:71.2,71.20 1 0
atelier-go/internal/ui/ui.go:71.20,72.55 1 0
atelier-go/internal/ui/ui.go:72.55,74.4 1 0
atelier-go/internal/ui/ui.go:77.2,77.12 1 0
atelier-go/internal/ui/ui.go:81.92,86.16 4 0
atelier-go/internal/ui/ui.go:86.16,88.3 1 0
atelier-go/internal/ui/ui.go:90.2,91.9 2 0
atelier-go/internal/ui/ui.go:91.9,93.3 1 0
atelier-go/internal/ui/ui.go:95.2,95.51 1 0
atelier-go/internal/ui/ui.go:95.51,97.3 1 0
atelier-go/internal/ui/ui.go:100.2,104.28 4 0
atelier-go/internal/ui/ui.go:104.28,106.3 1 0
atelier-go/internal/ui/ui.go:108.2,108.87 1 0
atelier-go/internal/ui/ui.go:112.39,114.35 2 0
atelier-go/internal/ui/ui.go:114.35,116.3 1 0
atelier-go/internal/ui/ui.go:118.2,119.35 2 0
atelier-go/internal/ui/ui.go:119.35,123.3 2 0
atelier-go/internal/ui/ui.go:126.2,127.50 2 0
atelier-go/internal/ui/ui.go:127.50,130.3 2 0
atelier-go/internal/ui/ui.go:133.2,134.13 2 0
atelier-go/internal/ui/view.go:7.36,20.2 9 0
atelier-go/internal/ui/view.go:23.31,24.16 1 0
atelier-go/internal/ui/view.go:24.16,26.3 1 0
atelier-go/internal/ui/view.go:28.2,31.31 3 0
atelier-go/internal/ui/view.go:31.31,33.3 1 0
atelier-go/internal/ui/view.go:35.2,36.35 2 0
atelier-go/internal/ui/view.go:36.35,40.3 1 0
atelier-go/internal/ui/view.go:40.8,44.3 1 0
atelier-go/internal/ui/view.go:46.2,47.29 2 0
atelier-go/internal/ui/view.go:47.29,49.3 1 0
atelier-go/internal/ui/view.go:51.2,52.33 2 0
atelier-go/internal/ui/view.go:52.33,54.3 1 0
atelier-go/internal/ui/view.go:54.8,56.3 1 0
atelier-go/internal/ui/view.go:58.2,73.25 5 0
atelier-go/internal/ui/view.go:73.25,75.3 1 0
atelier-go/internal/ui/view.go:77.2,77.99 1 0
